#
# There is insufficient memory for the Java Runtime Environment to continue.
# Native memory allocation (malloc) failed to allocate 995616 bytes for Chunk::new
# Possible reasons:
#   The system is out of physical RAM or swap space
#   The process is running with CompressedOops enabled, and the Java Heap may be blocking the growth of the native heap
# Possible solutions:
#   Reduce memory load on the system
#   Increase physical memory or swap space
#   Check if swap backing store is full
#   Decrease Java heap size (-Xmx/-Xms)
#   Decrease number of Java threads
#   Decrease Java thread stack sizes (-Xss)
#   Set larger code cache with -XX:ReservedCodeCacheSize=
#   JVM is running with Unscaled Compressed Oops mode in which the Java heap is
#     placed in the first 4GB address space. The Java Heap base address is the
#     maximum limit for the native heap growth. Please use -XX:HeapBaseMinAddress
#     to set the Java Heap base and to place the Java Heap above 4GB virtual address.
# This output file may be truncated or incomplete.
#
#  Out of Memory Error (./src/hotspot/share/memory/arena.cpp:197), pid=9452, tid=3332
#
# JRE version: OpenJDK Runtime Environment (11.0.13) (build 11.0.13+0-b1751.21-8125866)
# Java VM: OpenJDK 64-Bit Server VM (11.0.13+0-b1751.21-8125866, mixed mode, tiered, compressed oops, g1 gc, windows-amd64)
# No core dump will be written. Minidumps are not enabled by default on client versions of Windows
#

---------------  S U M M A R Y ------------

Command Line: --add-opens=java.base/java.util=ALL-UNNAMED --add-opens=java.base/java.lang=ALL-UNNAMED --add-opens=java.base/java.lang.invoke=ALL-UNNAMED --add-opens=java.base/java.util=ALL-UNNAMED --add-opens=java.prefs/java.util.prefs=ALL-UNNAMED --add-opens=java.prefs/java.util.prefs=ALL-UNNAMED --add-opens=java.base/java.nio.charset=ALL-UNNAMED --add-opens=java.base/java.net=ALL-UNNAMED --add-opens=java.base/java.util.concurrent.atomic=ALL-UNNAMED -Xmx2048m -Dfile.encoding=UTF-8 -Duser.country=US -Duser.language=en -Duser.variant org.gradle.launcher.daemon.bootstrap.GradleDaemon 7.4

Host: Intel(R) Core(TM) i5-6300U CPU @ 2.40GHz, 4 cores, 7G,  Windows 10 , 64 bit Build 19041 (10.0.19041.2546)
Time: Thu Mar  2 08:52:34 2023 Greenwich Standard Time elapsed time: 14.257664 seconds (0d 0h 0m 14s)

---------------  T H R E A D  ---------------

Current thread (0x00000274b4606800):  JavaThread "C2 CompilerThread0" daemon [_thread_in_native, id=3332, stack(0x000000941c400000,0x000000941c500000)]


Current CompileTask:
C2:  14257 2059       4       java.net.URLClassLoader$1::run (5 bytes)

Stack: [0x000000941c400000,0x000000941c500000]
Native frames: (J=compiled Java code, j=interpreted, Vv=VM code, C=native code)
V  [jvm.dll+0x6100fa]
V  [jvm.dll+0x747090]
V  [jvm.dll+0x7486ad]
V  [jvm.dll+0x748d83]
V  [jvm.dll+0x24ab48]
V  [jvm.dll+0xc04dc]
V  [jvm.dll+0xc0a0c]
V  [jvm.dll+0x2bfab4]
V  [jvm.dll+0x524238]
V  [jvm.dll+0x20b193]
V  [jvm.dll+0x204ca0]
V  [jvm.dll+0x2023c2]
V  [jvm.dll+0x188e01]
V  [jvm.dll+0x21106b]
V  [jvm.dll+0x20f8c1]
V  [jvm.dll+0x70de0f]
V  [jvm.dll+0x706a75]
V  [jvm.dll+0x60ed66]
C  [ucrtbase.dll+0x21bb2]
C  [KERNEL32.DLL+0x17614]
C  [ntdll.dll+0x526a1]


---------------  P R O C E S S  ---------------

Threads class SMR info:
_java_thread_list=0x00000274b5ba5d10, length=23, elements={
0x000002749a9e4800, 0x00000274b45de000, 0x00000274b45ea000, 0x00000274b45fc800,
0x00000274b45fe000, 0x00000274b4605000, 0x00000274b4606800, 0x00000274b460b800,
0x00000274b460f000, 0x00000274b50b3800, 0x00000274b6189000, 0x00000274b692a000,
0x00000274b6aa7800, 0x00000274b6a7f000, 0x00000274b63f5800, 0x00000274b5cd3800,
0x00000274b6897800, 0x00000274b6ad6000, 0x00000274b54fc800, 0x00000274b54fd000,
0x00000274b5f29000, 0x00000274b5f2a800, 0x00000274b5f26800
}

Java Threads: ( => current thread )
  0x000002749a9e4800 JavaThread "main" [_thread_blocked, id=11112, stack(0x000000941b800000,0x000000941b900000)]
  0x00000274b45de000 JavaThread "Reference Handler" daemon [_thread_blocked, id=23100, stack(0x000000941bf00000,0x000000941c000000)]
  0x00000274b45ea000 JavaThread "Finalizer" daemon [_thread_blocked, id=21476, stack(0x000000941c000000,0x000000941c100000)]
  0x00000274b45fc800 JavaThread "Signal Dispatcher" daemon [_thread_blocked, id=8016, stack(0x000000941c100000,0x000000941c200000)]
  0x00000274b45fe000 JavaThread "Attach Listener" daemon [_thread_blocked, id=19404, stack(0x000000941c200000,0x000000941c300000)]
  0x00000274b4605000 JavaThread "Service Thread" daemon [_thread_blocked, id=1400, stack(0x000000941c300000,0x000000941c400000)]
=>0x00000274b4606800 JavaThread "C2 CompilerThread0" daemon [_thread_in_native, id=3332, stack(0x000000941c400000,0x000000941c500000)]
  0x00000274b460b800 JavaThread "C1 CompilerThread0" daemon [_thread_blocked, id=4420, stack(0x000000941c500000,0x000000941c600000)]
  0x00000274b460f000 JavaThread "Sweeper thread" daemon [_thread_blocked, id=21000, stack(0x000000941c600000,0x000000941c700000)]
  0x00000274b50b3800 JavaThread "Common-Cleaner" daemon [_thread_blocked, id=13056, stack(0x000000941c700000,0x000000941c800000)]
  0x00000274b6189000 JavaThread "Daemon health stats" [_thread_blocked, id=18144, stack(0x000000941cb00000,0x000000941cc00000)]
  0x00000274b692a000 JavaThread "Incoming local TCP Connector on port 54833" [_thread_in_native, id=4984, stack(0x000000941cc00000,0x000000941cd00000)]
  0x00000274b6aa7800 JavaThread "Daemon periodic checks" [_thread_blocked, id=18040, stack(0x000000941cd00000,0x000000941ce00000)]
  0x00000274b6a7f000 JavaThread "Daemon" [_thread_blocked, id=404, stack(0x000000941ce00000,0x000000941cf00000)]
  0x00000274b63f5800 JavaThread "Handler for socket connection from /127.0.0.1:54833 to /127.0.0.1:54834" [_thread_in_native, id=15608, stack(0x000000941cf00000,0x000000941d000000)]
  0x00000274b5cd3800 JavaThread "Cancel handler" [_thread_blocked, id=22212, stack(0x000000941d000000,0x000000941d100000)]
  0x00000274b6897800 JavaThread "Daemon worker" [_thread_in_native, id=17404, stack(0x000000941d100000,0x000000941d200000)]
  0x00000274b6ad6000 JavaThread "Asynchronous log dispatcher for DefaultDaemonConnection: socket connection from /127.0.0.1:54833 to /127.0.0.1:54834" [_thread_blocked, id=21108, stack(0x000000941d200000,0x000000941d300000)]
  0x00000274b54fc800 JavaThread "Stdin handler" [_thread_blocked, id=21880, stack(0x000000941d300000,0x000000941d400000)]
  0x00000274b54fd000 JavaThread "Daemon client event forwarder" [_thread_blocked, id=16088, stack(0x000000941d400000,0x000000941d500000)]
  0x00000274b5f29000 JavaThread "Cache worker for journal cache (C:\Users\dell\.gradle\caches\journal-1)" [_thread_blocked, id=6568, stack(0x000000941d600000,0x000000941d700000)]
  0x00000274b5f2a800 JavaThread "File lock request listener" [_thread_in_native, id=10948, stack(0x000000941d700000,0x000000941d800000)]
  0x00000274b5f26800 JavaThread "Cache worker for file hash cache (C:\Users\dell\.gradle\caches\7.4\fileHashes)" [_thread_blocked, id=11000, stack(0x000000941d800000,0x000000941d900000)]

Other Threads:
  0x00000274b45d9800 VMThread "VM Thread" [stack: 0x000000941be00000,0x000000941bf00000] [id=1212]
  0x00000274b50d7800 WatcherThread [stack: 0x000000941c800000,0x000000941c900000] [id=1220]
  0x000002749a9f7800 GCTaskThread "GC Thread#0" [stack: 0x000000941b900000,0x000000941ba00000] [id=2528]
  0x00000274b5702800 GCTaskThread "GC Thread#1" [stack: 0x000000941c900000,0x000000941ca00000] [id=22572]
  0x00000274b58d9000 GCTaskThread "GC Thread#2" [stack: 0x000000941ca00000,0x000000941cb00000] [id=15232]
  0x00000274b64be800 GCTaskThread "GC Thread#3" [stack: 0x000000941d500000,0x000000941d600000] [id=14588]
  0x000002749aa2a000 ConcurrentGCThread "G1 Main Marker" [stack: 0x000000941ba00000,0x000000941bb00000] [id=15636]
  0x000002749aa2b000 ConcurrentGCThread "G1 Conc#0" [stack: 0x000000941bb00000,0x000000941bc00000] [id=13788]
  0x000002749aab6800 ConcurrentGCThread "G1 Refine#0" [stack: 0x000000941bc00000,0x000000941bd00000] [id=7248]
  0x000002749aab7800 ConcurrentGCThread "G1 Young RemSet Sampling" [stack: 0x000000941bd00000,0x000000941be00000] [id=11844]

Threads with active compile tasks:
C2 CompilerThread0  14316 2059       4       java.net.URLClassLoader$1::run (5 bytes)

VM state:not at safepoint (normal execution)

VM Mutex/Monitor currently owned by a thread: None

Heap address: 0x0000000080000000, size: 2048 MB, Compressed Oops mode: 32-bit
Narrow klass base: 0x0000000000000000, Narrow klass shift: 3
Compressed class space size: 1073741824 Address: 0x0000000100000000

Heap:
 garbage-first heap   total 131072K, used 41055K [0x0000000080000000, 0x0000000100000000)
  region size 1024K, 30 young (30720K), 6 survivors (6144K)
 Metaspace       used 22950K, capacity 23440K, committed 23804K, reserved 1073152K
  class space    used 2901K, capacity 3101K, committed 3200K, reserved 1048576K
Heap Regions: E=young(eden), S=young(survivor), O=old, HS=humongous(starts), HC=humongous(continues), CS=collection set, F=free, A=archive, TAMS=top-at-mark-start (previous, next)
|   0|0x0000000080000000, 0x0000000080100000, 0x0000000080100000|100%|HS|  |TAMS 0x0000000080100000, 0x0000000080000000| Complete 
|   1|0x0000000080100000, 0x0000000080200000, 0x0000000080200000|100%|HC|  |TAMS 0x0000000080200000, 0x0000000080100000| Complete 
|   2|0x0000000080200000, 0x0000000080300000, 0x0000000080300000|100%|HC|  |TAMS 0x0000000080300000, 0x0000000080200000| Complete 
|   3|0x0000000080300000, 0x0000000080400000, 0x0000000080400000|100%| O|  |TAMS 0x0000000080400000, 0x0000000080300000| Untracked 
|   4|0x0000000080400000, 0x0000000080500000, 0x0000000080500000|100%| O|  |TAMS 0x0000000080500000, 0x0000000080400000| Untracked 
|   5|0x0000000080500000, 0x0000000080600000, 0x0000000080600000|100%| O|  |TAMS 0x0000000080600000, 0x0000000080500000| Untracked 
|   6|0x0000000080600000, 0x0000000080700000, 0x0000000080700000|100%| O|  |TAMS 0x0000000080700000, 0x0000000080600000| Untracked 
|   7|0x0000000080700000, 0x0000000080800000, 0x0000000080800000|100%| O|  |TAMS 0x0000000080800000, 0x0000000080700000| Untracked 
|   8|0x0000000080800000, 0x0000000080900000, 0x0000000080900000|100%| O|  |TAMS 0x0000000080900000, 0x0000000080800000| Untracked 
|   9|0x0000000080900000, 0x0000000080a00000, 0x0000000080a00000|100%| O|  |TAMS 0x0000000080a00000, 0x0000000080900000| Untracked 
|  10|0x0000000080a00000, 0x0000000080b00000, 0x0000000080b00000|100%| O|  |TAMS 0x0000000080b00000, 0x0000000080a00000| Untracked 
|  11|0x0000000080b00000, 0x0000000080bf3a00, 0x0000000080c00000| 95%| O|  |TAMS 0x0000000080bf3a00, 0x0000000080b00000| Untracked 
|  12|0x0000000080c00000, 0x0000000080c00000, 0x0000000080d00000|  0%| F|  |TAMS 0x0000000080c00000, 0x0000000080c00000| Untracked 
|  13|0x0000000080d00000, 0x0000000080d00000, 0x0000000080e00000|  0%| F|  |TAMS 0x0000000080d00000, 0x0000000080d00000| Untracked 
|  14|0x0000000080e00000, 0x0000000080e00000, 0x0000000080f00000|  0%| F|  |TAMS 0x0000000080e00000, 0x0000000080e00000| Untracked 
|  15|0x0000000080f00000, 0x0000000080f00000, 0x0000000081000000|  0%| F|  |TAMS 0x0000000080f00000, 0x0000000080f00000| Untracked 
|  16|0x0000000081000000, 0x0000000081000000, 0x0000000081100000|  0%| F|  |TAMS 0x0000000081000000, 0x0000000081000000| Untracked 
|  17|0x0000000081100000, 0x0000000081100000, 0x0000000081200000|  0%| F|  |TAMS 0x0000000081100000, 0x0000000081100000| Untracked 
|  18|0x0000000081200000, 0x0000000081200000, 0x0000000081300000|  0%| F|  |TAMS 0x0000000081200000, 0x0000000081200000| Untracked 
|  19|0x0000000081300000, 0x0000000081300000, 0x0000000081400000|  0%| F|  |TAMS 0x0000000081300000, 0x0000000081300000| Untracked 
|  20|0x0000000081400000, 0x0000000081400000, 0x0000000081500000|  0%| F|  |TAMS 0x0000000081400000, 0x0000000081400000| Untracked 
|  21|0x0000000081500000, 0x0000000081500000, 0x0000000081600000|  0%| F|  |TAMS 0x0000000081500000, 0x0000000081500000| Untracked 
|  22|0x0000000081600000, 0x0000000081600000, 0x0000000081700000|  0%| F|  |TAMS 0x0000000081600000, 0x0000000081600000| Untracked 
|  23|0x0000000081700000, 0x0000000081700000, 0x0000000081800000|  0%| F|  |TAMS 0x0000000081700000, 0x0000000081700000| Untracked 
|  24|0x0000000081800000, 0x0000000081800000, 0x0000000081900000|  0%| F|  |TAMS 0x0000000081800000, 0x0000000081800000| Untracked 
|  25|0x0000000081900000, 0x0000000081900000, 0x0000000081a00000|  0%| F|  |TAMS 0x0000000081900000, 0x0000000081900000| Untracked 
|  26|0x0000000081a00000, 0x0000000081a00000, 0x0000000081b00000|  0%| F|  |TAMS 0x0000000081a00000, 0x0000000081a00000| Untracked 
|  27|0x0000000081b00000, 0x0000000081b00000, 0x0000000081c00000|  0%| F|  |TAMS 0x0000000081b00000, 0x0000000081b00000| Untracked 
|  28|0x0000000081c00000, 0x0000000081c00000, 0x0000000081d00000|  0%| F|  |TAMS 0x0000000081c00000, 0x0000000081c00000| Untracked 
|  29|0x0000000081d00000, 0x0000000081d00000, 0x0000000081e00000|  0%| F|  |TAMS 0x0000000081d00000, 0x0000000081d00000| Untracked 
|  30|0x0000000081e00000, 0x0000000081e00000, 0x0000000081f00000|  0%| F|  |TAMS 0x0000000081e00000, 0x0000000081e00000| Untracked 
|  31|0x0000000081f00000, 0x0000000081f00000, 0x0000000082000000|  0%| F|  |TAMS 0x0000000081f00000, 0x0000000081f00000| Untracked 
|  32|0x0000000082000000, 0x0000000082000000, 0x0000000082100000|  0%| F|  |TAMS 0x0000000082000000, 0x0000000082000000| Untracked 
|  33|0x0000000082100000, 0x0000000082100000, 0x0000000082200000|  0%| F|  |TAMS 0x0000000082100000, 0x0000000082100000| Untracked 
|  34|0x0000000082200000, 0x0000000082200000, 0x0000000082300000|  0%| F|  |TAMS 0x0000000082200000, 0x0000000082200000| Untracked 
|  35|0x0000000082300000, 0x0000000082300000, 0x0000000082400000|  0%| F|  |TAMS 0x0000000082300000, 0x0000000082300000| Untracked 
|  36|0x0000000082400000, 0x0000000082400000, 0x0000000082500000|  0%| F|  |TAMS 0x0000000082400000, 0x0000000082400000| Untracked 
|  37|0x0000000082500000, 0x0000000082500000, 0x0000000082600000|  0%| F|  |TAMS 0x0000000082500000, 0x0000000082500000| Untracked 
|  38|0x0000000082600000, 0x0000000082600000, 0x0000000082700000|  0%| F|  |TAMS 0x0000000082600000, 0x0000000082600000| Untracked 
|  39|0x0000000082700000, 0x0000000082700000, 0x0000000082800000|  0%| F|  |TAMS 0x0000000082700000, 0x0000000082700000| Untracked 
|  40|0x0000000082800000, 0x0000000082800000, 0x0000000082900000|  0%| F|  |TAMS 0x0000000082800000, 0x0000000082800000| Untracked 
|  41|0x0000000082900000, 0x0000000082900000, 0x0000000082a00000|  0%| F|  |TAMS 0x0000000082900000, 0x0000000082900000| Untracked 
|  42|0x0000000082a00000, 0x0000000082a00000, 0x0000000082b00000|  0%| F|  |TAMS 0x0000000082a00000, 0x0000000082a00000| Untracked 
|  43|0x0000000082b00000, 0x0000000082b00000, 0x0000000082c00000|  0%| F|  |TAMS 0x0000000082b00000, 0x0000000082b00000| Untracked 
|  44|0x0000000082c00000, 0x0000000082c00000, 0x0000000082d00000|  0%| F|  |TAMS 0x0000000082c00000, 0x0000000082c00000| Untracked 
|  45|0x0000000082d00000, 0x0000000082d00000, 0x0000000082e00000|  0%| F|  |TAMS 0x0000000082d00000, 0x0000000082d00000| Untracked 
|  46|0x0000000082e00000, 0x0000000082e00000, 0x0000000082f00000|  0%| F|  |TAMS 0x0000000082e00000, 0x0000000082e00000| Untracked 
|  47|0x0000000082f00000, 0x0000000082f00000, 0x0000000083000000|  0%| F|  |TAMS 0x0000000082f00000, 0x0000000082f00000| Untracked 
|  48|0x0000000083000000, 0x0000000083000000, 0x0000000083100000|  0%| F|  |TAMS 0x0000000083000000, 0x0000000083000000| Untracked 
|  49|0x0000000083100000, 0x0000000083100000, 0x0000000083200000|  0%| F|  |TAMS 0x0000000083100000, 0x0000000083100000| Untracked 
|  50|0x0000000083200000, 0x0000000083200000, 0x0000000083300000|  0%| F|  |TAMS 0x0000000083200000, 0x0000000083200000| Untracked 
|  51|0x0000000083300000, 0x0000000083300000, 0x0000000083400000|  0%| F|  |TAMS 0x0000000083300000, 0x0000000083300000| Untracked 
|  52|0x0000000083400000, 0x0000000083400000, 0x0000000083500000|  0%| F|  |TAMS 0x0000000083400000, 0x0000000083400000| Untracked 
|  53|0x0000000083500000, 0x0000000083500000, 0x0000000083600000|  0%| F|  |TAMS 0x0000000083500000, 0x0000000083500000| Untracked 
|  54|0x0000000083600000, 0x0000000083600000, 0x0000000083700000|  0%| F|  |TAMS 0x0000000083600000, 0x0000000083600000| Untracked 
|  55|0x0000000083700000, 0x0000000083700000, 0x0000000083800000|  0%| F|  |TAMS 0x0000000083700000, 0x0000000083700000| Untracked 
|  56|0x0000000083800000, 0x0000000083800000, 0x0000000083900000|  0%| F|  |TAMS 0x0000000083800000, 0x0000000083800000| Untracked 
|  57|0x0000000083900000, 0x0000000083900000, 0x0000000083a00000|  0%| F|  |TAMS 0x0000000083900000, 0x0000000083900000| Untracked 
|  58|0x0000000083a00000, 0x0000000083a00000, 0x0000000083b00000|  0%| F|  |TAMS 0x0000000083a00000, 0x0000000083a00000| Untracked 
|  59|0x0000000083b00000, 0x0000000083b00000, 0x0000000083c00000|  0%| F|  |TAMS 0x0000000083b00000, 0x0000000083b00000| Untracked 
|  60|0x0000000083c00000, 0x0000000083c00000, 0x0000000083d00000|  0%| F|  |TAMS 0x0000000083c00000, 0x0000000083c00000| Untracked 
|  61|0x0000000083d00000, 0x0000000083d00000, 0x0000000083e00000|  0%| F|  |TAMS 0x0000000083d00000, 0x0000000083d00000| Untracked 
|  62|0x0000000083e00000, 0x0000000083e00000, 0x0000000083f00000|  0%| F|  |TAMS 0x0000000083e00000, 0x0000000083e00000| Untracked 
|  63|0x0000000083f00000, 0x0000000083f00000, 0x0000000084000000|  0%| F|  |TAMS 0x0000000083f00000, 0x0000000083f00000| Untracked 
|  64|0x0000000084000000, 0x0000000084000000, 0x0000000084100000|  0%| F|  |TAMS 0x0000000084000000, 0x0000000084000000| Untracked 
|  65|0x0000000084100000, 0x0000000084100000, 0x0000000084200000|  0%| F|  |TAMS 0x0000000084100000, 0x0000000084100000| Untracked 
|  66|0x0000000084200000, 0x0000000084200000, 0x0000000084300000|  0%| F|  |TAMS 0x0000000084200000, 0x0000000084200000| Untracked 
|  67|0x0000000084300000, 0x0000000084300000, 0x0000000084400000|  0%| F|  |TAMS 0x0000000084300000, 0x0000000084300000| Untracked 
|  68|0x0000000084400000, 0x0000000084400000, 0x0000000084500000|  0%| F|  |TAMS 0x0000000084400000, 0x0000000084400000| Untracked 
|  69|0x0000000084500000, 0x0000000084500000, 0x0000000084600000|  0%| F|  |TAMS 0x0000000084500000, 0x0000000084500000| Untracked 
|  70|0x0000000084600000, 0x0000000084600000, 0x0000000084700000|  0%| F|  |TAMS 0x0000000084600000, 0x0000000084600000| Untracked 
|  71|0x0000000084700000, 0x0000000084700000, 0x0000000084800000|  0%| F|  |TAMS 0x0000000084700000, 0x0000000084700000| Untracked 
|  72|0x0000000084800000, 0x0000000084800000, 0x0000000084900000|  0%| F|  |TAMS 0x0000000084800000, 0x0000000084800000| Untracked 
|  73|0x0000000084900000, 0x0000000084900000, 0x0000000084a00000|  0%| F|  |TAMS 0x0000000084900000, 0x0000000084900000| Untracked 
|  74|0x0000000084a00000, 0x0000000084a00000, 0x0000000084b00000|  0%| F|  |TAMS 0x0000000084a00000, 0x0000000084a00000| Untracked 
|  75|0x0000000084b00000, 0x0000000084b00000, 0x0000000084c00000|  0%| F|  |TAMS 0x0000000084b00000, 0x0000000084b00000| Untracked 
|  76|0x0000000084c00000, 0x0000000084c00000, 0x0000000084d00000|  0%| F|  |TAMS 0x0000000084c00000, 0x0000000084c00000| Untracked 
|  77|0x0000000084d00000, 0x0000000084d00000, 0x0000000084e00000|  0%| F|  |TAMS 0x0000000084d00000, 0x0000000084d00000| Untracked 
|  78|0x0000000084e00000, 0x0000000084e00000, 0x0000000084f00000|  0%| F|  |TAMS 0x0000000084e00000, 0x0000000084e00000| Untracked 
|  79|0x0000000084f00000, 0x0000000084f00000, 0x0000000085000000|  0%| F|  |TAMS 0x0000000084f00000, 0x0000000084f00000| Untracked 
|  80|0x0000000085000000, 0x0000000085000000, 0x0000000085100000|  0%| F|  |TAMS 0x0000000085000000, 0x0000000085000000| Untracked 
|  81|0x0000000085100000, 0x0000000085100000, 0x0000000085200000|  0%| F|  |TAMS 0x0000000085100000, 0x0000000085100000| Untracked 
|  82|0x0000000085200000, 0x0000000085200000, 0x0000000085300000|  0%| F|  |TAMS 0x0000000085200000, 0x0000000085200000| Untracked 
|  83|0x0000000085300000, 0x0000000085300000, 0x0000000085400000|  0%| F|  |TAMS 0x0000000085300000, 0x0000000085300000| Untracked 
|  84|0x0000000085400000, 0x0000000085400000, 0x0000000085500000|  0%| F|  |TAMS 0x0000000085400000, 0x0000000085400000| Untracked 
|  85|0x0000000085500000, 0x0000000085500000, 0x0000000085600000|  0%| F|  |TAMS 0x0000000085500000, 0x0000000085500000| Untracked 
|  86|0x0000000085600000, 0x0000000085600000, 0x0000000085700000|  0%| F|  |TAMS 0x0000000085600000, 0x0000000085600000| Untracked 
|  87|0x0000000085700000, 0x0000000085700000, 0x0000000085800000|  0%| F|  |TAMS 0x0000000085700000, 0x0000000085700000| Untracked 
|  88|0x0000000085800000, 0x0000000085800000, 0x0000000085900000|  0%| F|  |TAMS 0x0000000085800000, 0x0000000085800000| Untracked 
|  89|0x0000000085900000, 0x0000000085924530, 0x0000000085a00000| 14%| S|CS|TAMS 0x0000000085900000, 0x0000000085900000| Complete 
|  90|0x0000000085a00000, 0x0000000085b00000, 0x0000000085b00000|100%| S|CS|TAMS 0x0000000085a00000, 0x0000000085a00000| Complete 
|  91|0x0000000085b00000, 0x0000000085c00000, 0x0000000085c00000|100%| S|CS|TAMS 0x0000000085b00000, 0x0000000085b00000| Complete 
|  92|0x0000000085c00000, 0x0000000085d00000, 0x0000000085d00000|100%| S|CS|TAMS 0x0000000085c00000, 0x0000000085c00000| Complete 
|  93|0x0000000085d00000, 0x0000000085e00000, 0x0000000085e00000|100%| S|CS|TAMS 0x0000000085d00000, 0x0000000085d00000| Complete 
|  94|0x0000000085e00000, 0x0000000085f00000, 0x0000000085f00000|100%| S|CS|TAMS 0x0000000085e00000, 0x0000000085e00000| Complete 
|  95|0x0000000085f00000, 0x0000000085f00000, 0x0000000086000000|  0%| F|  |TAMS 0x0000000085f00000, 0x0000000085f00000| Untracked 
|  96|0x0000000086000000, 0x0000000086000000, 0x0000000086100000|  0%| F|  |TAMS 0x0000000086000000, 0x0000000086000000| Untracked 
|  97|0x0000000086100000, 0x0000000086100000, 0x0000000086200000|  0%| F|  |TAMS 0x0000000086100000, 0x0000000086100000| Untracked 
|  98|0x0000000086200000, 0x0000000086200000, 0x0000000086300000|  0%| F|  |TAMS 0x0000000086200000, 0x0000000086200000| Untracked 
|  99|0x0000000086300000, 0x0000000086300000, 0x0000000086400000|  0%| F|  |TAMS 0x0000000086300000, 0x0000000086300000| Untracked 
| 100|0x0000000086400000, 0x0000000086400000, 0x0000000086500000|  0%| F|  |TAMS 0x0000000086400000, 0x0000000086400000| Untracked 
| 101|0x0000000086500000, 0x0000000086500000, 0x0000000086600000|  0%| F|  |TAMS 0x0000000086500000, 0x0000000086500000| Untracked 
| 102|0x0000000086600000, 0x0000000086600000, 0x0000000086700000|  0%| F|  |TAMS 0x0000000086600000, 0x0000000086600000| Untracked 
| 103|0x0000000086700000, 0x0000000086700000, 0x0000000086800000|  0%| F|  |TAMS 0x0000000086700000, 0x0000000086700000| Untracked 
| 104|0x0000000086800000, 0x0000000086900000, 0x0000000086900000|100%| E|  |TAMS 0x0000000086800000, 0x0000000086800000| Complete 
| 105|0x0000000086900000, 0x0000000086a00000, 0x0000000086a00000|100%| E|CS|TAMS 0x0000000086900000, 0x0000000086900000| Complete 
| 106|0x0000000086a00000, 0x0000000086b00000, 0x0000000086b00000|100%| E|CS|TAMS 0x0000000086a00000, 0x0000000086a00000| Complete 
| 107|0x0000000086b00000, 0x0000000086c00000, 0x0000000086c00000|100%| E|CS|TAMS 0x0000000086b00000, 0x0000000086b00000| Complete 
| 108|0x0000000086c00000, 0x0000000086d00000, 0x0000000086d00000|100%| E|CS|TAMS 0x0000000086c00000, 0x0000000086c00000| Complete 
| 109|0x0000000086d00000, 0x0000000086e00000, 0x0000000086e00000|100%| E|CS|TAMS 0x0000000086d00000, 0x0000000086d00000| Complete 
| 110|0x0000000086e00000, 0x0000000086f00000, 0x0000000086f00000|100%| E|CS|TAMS 0x0000000086e00000, 0x0000000086e00000| Complete 
| 111|0x0000000086f00000, 0x0000000087000000, 0x0000000087000000|100%| E|CS|TAMS 0x0000000086f00000, 0x0000000086f00000| Complete 
| 112|0x0000000087000000, 0x0000000087100000, 0x0000000087100000|100%| E|CS|TAMS 0x0000000087000000, 0x0000000087000000| Complete 
| 113|0x0000000087100000, 0x0000000087200000, 0x0000000087200000|100%| E|CS|TAMS 0x0000000087100000, 0x0000000087100000| Complete 
| 114|0x0000000087200000, 0x0000000087300000, 0x0000000087300000|100%| E|CS|TAMS 0x0000000087200000, 0x0000000087200000| Complete 
| 115|0x0000000087300000, 0x0000000087400000, 0x0000000087400000|100%| E|CS|TAMS 0x0000000087300000, 0x0000000087300000| Complete 
| 116|0x0000000087400000, 0x0000000087500000, 0x0000000087500000|100%| E|CS|TAMS 0x0000000087400000, 0x0000000087400000| Complete 
| 117|0x0000000087500000, 0x0000000087600000, 0x0000000087600000|100%| E|CS|TAMS 0x0000000087500000, 0x0000000087500000| Complete 
| 118|0x0000000087600000, 0x0000000087700000, 0x0000000087700000|100%| E|CS|TAMS 0x0000000087600000, 0x0000000087600000| Complete 
| 119|0x0000000087700000, 0x0000000087800000, 0x0000000087800000|100%| E|CS|TAMS 0x0000000087700000, 0x0000000087700000| Complete 
| 120|0x0000000087800000, 0x0000000087900000, 0x0000000087900000|100%| E|CS|TAMS 0x0000000087800000, 0x0000000087800000| Complete 
| 121|0x0000000087900000, 0x0000000087a00000, 0x0000000087a00000|100%| E|CS|TAMS 0x0000000087900000, 0x0000000087900000| Complete 
| 122|0x0000000087a00000, 0x0000000087b00000, 0x0000000087b00000|100%| E|CS|TAMS 0x0000000087a00000, 0x0000000087a00000| Complete 
| 123|0x0000000087b00000, 0x0000000087c00000, 0x0000000087c00000|100%| E|CS|TAMS 0x0000000087b00000, 0x0000000087b00000| Complete 
| 124|0x0000000087c00000, 0x0000000087d00000, 0x0000000087d00000|100%| E|CS|TAMS 0x0000000087c00000, 0x0000000087c00000| Complete 
| 125|0x0000000087d00000, 0x0000000087e00000, 0x0000000087e00000|100%| E|CS|TAMS 0x0000000087d00000, 0x0000000087d00000| Complete 
| 126|0x0000000087e00000, 0x0000000087f00000, 0x0000000087f00000|100%| E|CS|TAMS 0x0000000087e00000, 0x0000000087e00000| Complete 
| 127|0x0000000087f00000, 0x0000000088000000, 0x0000000088000000|100%| E|CS|TAMS 0x0000000087f00000, 0x0000000087f00000| Complete 

Card table byte_map: [0x00000274ad900000,0x00000274add00000] _byte_map_base: 0x00000274ad500000

Marking Bits (Prev, Next): (CMBitMap*) 0x000002749aa210a0, (CMBitMap*) 0x000002749aa21068
 Prev Bits: [0x00000274b0100000, 0x00000274b2100000)
 Next Bits: [0x00000274ae100000, 0x00000274b0100000)

Polling page: 0x0000027498960000

Metaspace:

Usage:
  Non-class:     19.86 MB capacity,    19.58 MB ( 99%) used,   246.27 KB (  1%) free+waste,    38.94 KB ( <1%) overhead. 
      Class:      3.06 MB capacity,     2.84 MB ( 93%) used,   210.15 KB (  7%) free+waste,    19.44 KB ( <1%) overhead. 
       Both:     22.92 MB capacity,    22.42 MB ( 98%) used,   456.42 KB (  2%) free+waste,    58.38 KB ( <1%) overhead. 

Virtual space:
  Non-class space:       24.00 MB reserved,      20.12 MB ( 84%) committed 
      Class space:        1.00 GB reserved,       3.13 MB ( <1%) committed 
             Both:        1.02 GB reserved,      23.25 MB (  2%) committed 

Chunk freelists:
   Non-Class:  73.00 KB
       Class:  3.00 KB
        Both:  76.00 KB

MaxMetaspaceSize: 17179869184.00 GB
CompressedClassSpaceSize: 1.00 GB
Initial GC threshold: 20.80 MB
Current GC threshold: 35.20 MB
CDS: off

CodeHeap 'non-profiled nmethods': size=120064Kb used=975Kb max_used=975Kb free=119088Kb
 bounds [0x00000274a5fc0000, 0x00000274a6230000, 0x00000274ad500000]
CodeHeap 'profiled nmethods': size=120000Kb used=4322Kb max_used=4322Kb free=115677Kb
 bounds [0x000002749ea90000, 0x000002749eed0000, 0x00000274a5fc0000]
CodeHeap 'non-nmethods': size=5696Kb used=1211Kb max_used=1247Kb free=4484Kb
 bounds [0x000002749e500000, 0x000002749e770000, 0x000002749ea90000]
 total_blobs=2554 nmethods=2071 adapters=395
 compilation: enabled
              stopped_count=0, restarted_count=0
 full_count=0

Compilation events (20 events):
Event: 14.154 Thread 0x00000274b460b800 2065       3       jdk.internal.reflect.ReflectionFactory::copyConstructor (10 bytes)
Event: 14.155 Thread 0x00000274b460b800 nmethod 2065 0x000002749eec0e90 code [0x000002749eec1080, 0x000002749eec1388]
Event: 14.155 Thread 0x00000274b460b800 2066       3       java.lang.reflect.Constructor::copy (72 bytes)
Event: 14.156 Thread 0x00000274b460b800 nmethod 2066 0x000002749eec1510 code [0x000002749eec16e0, 0x000002749eec1a78]
Event: 14.156 Thread 0x00000274b460b800 2067       3       java.lang.reflect.Constructor::<init> (50 bytes)
Event: 14.156 Thread 0x00000274b460b800 nmethod 2067 0x000002749eec1b90 code [0x000002749eec1d60, 0x000002749eec21d8]
Event: 14.156 Thread 0x00000274b460b800 2068       3       java.lang.Class::privateGetDeclaredConstructors (79 bytes)
Event: 14.157 Thread 0x00000274b460b800 nmethod 2068 0x000002749eec2310 code [0x000002749eec2520, 0x000002749eec2a28]
Event: 14.185 Thread 0x00000274b460b800 2069       3       java.util.concurrent.ConcurrentHashMap::<init> (73 bytes)
Event: 14.186 Thread 0x00000274b460b800 nmethod 2069 0x000002749eec2c10 code [0x000002749eec2e40, 0x000002749eec33b8]
Event: 14.206 Thread 0x00000274b460b800 2072       3       java.lang.invoke.LambdaForm::returnType (26 bytes)
Event: 14.207 Thread 0x00000274b460b800 nmethod 2072 0x000002749eec3590 code [0x000002749eec3740, 0x000002749eec38b8]
Event: 14.245 Thread 0x00000274b460b800 2073       3       java.util.concurrent.TimeUnit::toNanos (45 bytes)
Event: 14.246 Thread 0x00000274b460b800 nmethod 2073 0x000002749eec3990 code [0x000002749eec3b40, 0x000002749eec3d58]
Event: 14.247 Thread 0x00000274b460b800 2074       3       sun.reflect.annotation.AnnotationType::getInstance (65 bytes)
Event: 14.248 Thread 0x00000274b460b800 nmethod 2074 0x000002749eec3e10 code [0x000002749eec4020, 0x000002749eec4608]
Event: 14.249 Thread 0x00000274b460b800 2076       3       java.nio.ByteBuffer::limit (6 bytes)
Event: 14.250 Thread 0x00000274b460b800 nmethod 2076 0x000002749eec4890 code [0x000002749eec4a40, 0x000002749eec4be8]
Event: 14.250 Thread 0x00000274b460b800 2077       3       sun.reflect.annotation.AnnotationParser::parseMemberValue (162 bytes)
Event: 14.252 Thread 0x00000274b460b800 nmethod 2077 0x000002749eec4c90 code [0x000002749eec4fe0, 0x000002749eec6258]

GC Heap History (10 events):
Event: 1.922 GC heap before
{Heap before GC invocations=0 (full 0):
 garbage-first heap   total 131072K, used 17408K [0x0000000080000000, 0x0000000100000000)
  region size 1024K, 14 young (14336K), 0 survivors (0K)
 Metaspace       used 6742K, capacity 6989K, committed 7168K, reserved 1056768K
  class space    used 572K, capacity 650K, committed 768K, reserved 1048576K
}
Event: 1.988 GC heap after
{Heap after GC invocations=1 (full 0):
 garbage-first heap   total 131072K, used 4248K [0x0000000080000000, 0x0000000100000000)
  region size 1024K, 2 young (2048K), 2 survivors (2048K)
 Metaspace       used 6742K, capacity 6989K, committed 7168K, reserved 1056768K
  class space    used 572K, capacity 650K, committed 768K, reserved 1048576K
}
Event: 2.646 GC heap before
{Heap before GC invocations=1 (full 0):
 garbage-first heap   total 131072K, used 19608K [0x0000000080000000, 0x0000000100000000)
  region size 1024K, 14 young (14336K), 2 survivors (2048K)
 Metaspace       used 9885K, capacity 10118K, committed 10368K, reserved 1058816K
  class space    used 1011K, capacity 1102K, committed 1152K, reserved 1048576K
}
Event: 2.652 GC heap after
{Heap after GC invocations=2 (full 0):
 garbage-first heap   total 131072K, used 9606K [0x0000000080000000, 0x0000000100000000)
  region size 1024K, 2 young (2048K), 2 survivors (2048K)
 Metaspace       used 9885K, capacity 10118K, committed 10368K, reserved 1058816K
  class space    used 1011K, capacity 1102K, committed 1152K, reserved 1048576K
}
Event: 3.907 GC heap before
{Heap before GC invocations=2 (full 0):
 garbage-first heap   total 131072K, used 37254K [0x0000000080000000, 0x0000000100000000)
  region size 1024K, 29 young (29696K), 2 survivors (2048K)
 Metaspace       used 10849K, capacity 11073K, committed 11264K, reserved 1058816K
  class space    used 1112K, capacity 1207K, committed 1280K, reserved 1048576K
}
Event: 3.913 GC heap after
{Heap after GC invocations=3 (full 0):
 garbage-first heap   total 131072K, used 11744K [0x0000000080000000, 0x0000000100000000)
  region size 1024K, 4 young (4096K), 4 survivors (4096K)
 Metaspace       used 10849K, capacity 11073K, committed 11264K, reserved 1058816K
  class space    used 1112K, capacity 1207K, committed 1280K, reserved 1048576K
}
Event: 7.656 GC heap before
{Heap before GC invocations=3 (full 0):
 garbage-first heap   total 131072K, used 53728K [0x0000000080000000, 0x0000000100000000)
  region size 1024K, 44 young (45056K), 4 survivors (4096K)
 Metaspace       used 17289K, capacity 17619K, committed 17792K, reserved 1064960K
  class space    used 1988K, capacity 2113K, committed 2176K, reserved 1048576K
}
Event: 7.668 GC heap after
{Heap after GC invocations=4 (full 0):
 garbage-first heap   total 131072K, used 16116K [0x0000000080000000, 0x0000000100000000)
  region size 1024K, 6 young (6144K), 6 survivors (6144K)
 Metaspace       used 17289K, capacity 17619K, committed 17792K, reserved 1064960K
  class space    used 1988K, capacity 2113K, committed 2176K, reserved 1048576K
}
Event: 13.190 GC heap before
{Heap before GC invocations=4 (full 0):
 garbage-first heap   total 131072K, used 48884K [0x0000000080000000, 0x0000000100000000)
  region size 1024K, 39 young (39936K), 6 survivors (6144K)
 Metaspace       used 20846K, capacity 21189K, committed 21296K, reserved 1069056K
  class space    used 2526K, capacity 2688K, committed 2688K, reserved 1048576K
}
Event: 13.205 GC heap after
{Heap after GC invocations=5 (full 0):
 garbage-first heap   total 131072K, used 17503K [0x0000000080000000, 0x0000000100000000)
  region size 1024K, 6 young (6144K), 6 survivors (6144K)
 Metaspace       used 20846K, capacity 21189K, committed 21296K, reserved 1069056K
  class space    used 2526K, capacity 2688K, committed 2688K, reserved 1048576K
}

Deoptimization events (20 events):
Event: 12.745 Thread 0x00000274b6897800 Uncommon trap: trap_request=0xffffffc6 fr.pc=0x00000274a6035ea4 relative=0x0000000000000084
Event: 12.745 Thread 0x00000274b6897800 Uncommon trap: reason=bimorphic_or_optimized_type_check action=maybe_recompile pc=0x00000274a6035ea4 method=java.util.AbstractList$Itr.hasNext()Z @ 8 c2
Event: 12.745 Thread 0x00000274b6897800 DEOPT PACKING pc=0x00000274a6035ea4 sp=0x000000941d1fab90
Event: 12.745 Thread 0x00000274b6897800 DEOPT UNPACKING pc=0x000002749e54a1af sp=0x000000941d1fab28 mode 2
Event: 12.745 Thread 0x00000274b6897800 Uncommon trap: trap_request=0xffffffc6 fr.pc=0x00000274a6036554 relative=0x0000000000000114
Event: 12.745 Thread 0x00000274b6897800 Uncommon trap: reason=bimorphic_or_optimized_type_check action=maybe_recompile pc=0x00000274a6036554 method=java.util.AbstractList$Itr.next()Ljava/lang/Object; @ 14 c2
Event: 12.745 Thread 0x00000274b6897800 DEOPT PACKING pc=0x00000274a6036554 sp=0x000000941d1fab80
Event: 12.745 Thread 0x00000274b6897800 DEOPT UNPACKING pc=0x000002749e54a1af sp=0x000000941d1fab18 mode 2
Event: 12.747 Thread 0x00000274b6897800 Uncommon trap: trap_request=0xffffff4d fr.pc=0x00000274a602f104 relative=0x00000000000005c4
Event: 12.747 Thread 0x00000274b6897800 Uncommon trap: reason=unstable_if action=reinterpret pc=0x00000274a602f104 method=java.io.File.getName()Ljava/lang/String; @ 16 c2
Event: 12.747 Thread 0x00000274b6897800 DEOPT PACKING pc=0x00000274a602f104 sp=0x000000941d1fb560
Event: 12.747 Thread 0x00000274b6897800 DEOPT UNPACKING pc=0x000002749e54a1af sp=0x000000941d1fb530 mode 2
Event: 12.747 Thread 0x00000274b6897800 Uncommon trap: trap_request=0xffffff4d fr.pc=0x00000274a602e734 relative=0x0000000000000474
Event: 12.747 Thread 0x00000274b6897800 Uncommon trap: reason=unstable_if action=reinterpret pc=0x00000274a602e734 method=java.lang.String.substring(I)Ljava/lang/String; @ 34 c2
Event: 12.747 Thread 0x00000274b6897800 DEOPT PACKING pc=0x00000274a602e734 sp=0x000000941d1fb4e0
Event: 12.747 Thread 0x00000274b6897800 DEOPT UNPACKING pc=0x000002749e54a1af sp=0x000000941d1fb4b8 mode 2
Event: 13.632 Thread 0x00000274b6897800 Uncommon trap: trap_request=0xffffff4d fr.pc=0x00000274a60906b0 relative=0x00000000000003b0
Event: 13.632 Thread 0x00000274b6897800 Uncommon trap: reason=unstable_if action=reinterpret pc=0x00000274a60906b0 method=jdk.internal.org.objectweb.asm.Type.getArgumentsAndReturnSizes(Ljava/lang/String;)I @ 88 c2
Event: 13.632 Thread 0x00000274b6897800 DEOPT PACKING pc=0x00000274a60906b0 sp=0x000000941d1f9ab0
Event: 13.632 Thread 0x00000274b6897800 DEOPT UNPACKING pc=0x000002749e54a1af sp=0x000000941d1f9a38 mode 2

Classes redefined (0 events):
No events

Internal exceptions (20 events):
Event: 2.224 Thread 0x000002749a9e4800 Exception <a 'java/lang/NoSuchMethodError'{0x0000000087bb5620}: 'java.lang.Object java.lang.invoke.Invokers$Holder.invoker(java.lang.Object, java.lang.Object, java.lang.Object)'> (0x0000000087bb5620) thrown at [./src/hotspot/share/interpreter/linkResolver.cpp, line 773]
Event: 2.231 Thread 0x000002749a9e4800 Exception <a 'java/lang/NoSuchMethodError'{0x0000000087bc6698}: 'void java.lang.invoke.DelegatingMethodHandle$Holder.delegate(java.lang.Object, java.lang.Object, int, java.lang.Object)'> (0x0000000087bc6698) thrown at [./src/hotspot/share/interpreter/linkResolver.cpp, line 773]
Event: 4.119 Thread 0x000002749a9e4800 Exception <a 'java/security/PrivilegedActionException'{0x00000000879bbd28}> (0x00000000879bbd28) thrown at [./src/hotspot/share/prims/jvm.cpp, line 1306]
Event: 4.120 Thread 0x000002749a9e4800 Exception <a 'java/security/PrivilegedActionException'{0x00000000879bc2a0}> (0x00000000879bc2a0) thrown at [./src/hotspot/share/prims/jvm.cpp, line 1306]
Event: 4.708 Thread 0x000002749a9e4800 Exception <a 'java/lang/NoSuchMethodError'{0x0000000086727490}: 'java.lang.Object java.lang.invoke.DirectMethodHandle$Holder.invokeStaticInit(java.lang.Object, java.lang.Object, java.lang.Object)'> (0x0000000086727490) thrown at [./src/hotspot/share/interpreter/linkResolver.cpp, line 773]
Event: 6.050 Thread 0x000002749a9e4800 Exception <a 'java/lang/NoSuchMethodError'{0x0000000085d8fe28}: 'java.lang.Object java.lang.invoke.DirectMethodHandle$Holder.invokeStaticInit(java.lang.Object, int, int, int, int)'> (0x0000000085d8fe28) thrown at [./src/hotspot/share/interpreter/linkResolver.cpp, line 773]
Event: 6.689 Thread 0x000002749a9e4800 Exception <a 'java/lang/NoSuchMethodError'{0x0000000085debf20}: 'java.lang.Object java.lang.invoke.DirectMethodHandle$Holder.invokeStaticInit(java.lang.Object, java.lang.Object, int, int, int, int)'> (0x0000000085debf20) thrown at [./src/hotspot/share/interpreter/linkResolver.cpp, line 773]
Event: 7.311 Thread 0x000002749a9e4800 Exception <a 'java/io/IOException'{0x0000000085bdeed8}> (0x0000000085bdeed8) thrown at [./src/hotspot/share/prims/jni.cpp, line 616]
Event: 7.638 Thread 0x00000274b6897800 Exception <a 'java/lang/NoSuchMethodError'{0x00000000854c3dc0}: 'long java.lang.invoke.DirectMethodHandle$Holder.invokeInterface(java.lang.Object, java.lang.Object)'> (0x00000000854c3dc0) thrown at [./src/hotspot/share/interpreter/linkResolver.cpp, line 773]
Event: 7.641 Thread 0x00000274b6897800 Exception <a 'java/lang/NoSuchMethodError'{0x00000000854d0e60}: 'void java.lang.invoke.DelegatingMethodHandle$Holder.reinvoke_L(java.lang.Object, java.lang.Object, java.lang.Object, java.lang.Object, java.lang.Object, java.lang.Object, java.lang.Object)'> (0x00000000854d0e60) thrown at [./src/hotspot/share/interpreter/linkResolver.cpp, line 773]
Event: 11.826 Thread 0x00000274b6897800 Exception <a 'java/lang/NoSuchMethodError'{0x00000000865bc3c0}: 'void java.lang.invoke.DirectMethodHandle$Holder.invokeStaticInit(java.lang.Object)'> (0x00000000865bc3c0) thrown at [./src/hotspot/share/interpreter/linkResolver.cpp, line 773]
Event: 12.034 Thread 0x00000274b6897800 Exception <a 'java/lang/NoSuchMethodError'{0x0000000086468cb0}: 'java.lang.Object java.lang.invoke.DirectMethodHandle$Holder.invokeStatic(java.lang.Object, java.lang.Object, java.lang.Object, int)'> (0x0000000086468cb0) thrown at [./src/hotspot/share/interpreter/linkResolver.cpp, line 773]
Event: 12.037 Thread 0x00000274b6897800 Exception <a 'java/lang/NoSuchMethodError'{0x000000008646d3c8}: 'java.lang.Object java.lang.invoke.DirectMethodHandle$Holder.invokeSpecial(java.lang.Object, java.lang.Object, java.lang.Object, java.lang.Object, int)'> (0x000000008646d3c8) thrown at [./src/hotspot/share/interpreter/linkResolver.cpp, line 773]
Event: 12.038 Thread 0x00000274b6897800 Exception <a 'java/lang/NoSuchMethodError'{0x0000000086471300}: 'java.lang.Object java.lang.invoke.Invokers$Holder.linkToTargetMethod(java.lang.Object, java.lang.Object, int, java.lang.Object)'> (0x0000000086471300) thrown at [./src/hotspot/share/interpreter/linkResolver.cpp, line 773]
Event: 13.303 Thread 0x00000274b6897800 Exception <a 'java/lang/NoSuchMethodError'{0x0000000087fce4f8}: 'int java.lang.invoke.DirectMethodHandle$Holder.invokeSpecialIFC(java.lang.Object, java.lang.Object, java.lang.Object, java.lang.Object)'> (0x0000000087fce4f8) thrown at [./src/hotspot/share/interpreter/linkResolver.cpp, line 773]
Event: 13.307 Thread 0x00000274b6897800 Exception <a 'java/lang/NoSuchMethodError'{0x0000000087fdc4b0}: 'java.lang.Object java.lang.invoke.DirectMethodHandle$Holder.invokeInterface(java.lang.Object, java.lang.Object, java.lang.Object)'> (0x0000000087fdc4b0) thrown at [./src/hotspot/share/interpreter/linkResolver.cpp, line 773]
Event: 13.307 Thread 0x00000274b6897800 Exception <a 'java/lang/IncompatibleClassChangeError'{0x0000000087fdf988}: Found class java.lang.Object, but interface was expected> (0x0000000087fdf988) thrown at [./src/hotspot/share/interpreter/linkResolver.cpp, line 839]
Event: 13.845 Thread 0x00000274b6897800 Exception <a 'java/lang/NoSuchMethodError'{0x00000000877319f0}: 'void java.lang.invoke.DirectMethodHandle$Holder.invokeSpecial(java.lang.Object, java.lang.Object, java.lang.Object, java.lang.Object, java.lang.Object)'> (0x00000000877319f0) thrown at [./src/hotspot/share/interpreter/linkResolver.cpp, line 773]
Event: 13.933 Thread 0x00000274b6897800 Exception <a 'java/lang/NoSuchMethodError'{0x0000000087585708}: 'java.lang.Object java.lang.invoke.DirectMethodHandle$Holder.invokeSpecial(java.lang.Object, java.lang.Object, java.lang.Object, java.lang.Object, java.lang.Object, java.lang.Object, java.lang.Object, java.lang.Object, java.lang.Object)'> (0x0000000087585708) thrown at [./src/hotspot/share/interpreter/linkResolver.cpp, line 773]
Event: 14.206 Thread 0x00000274b6897800 Exception <a 'java/lang/NoSuchMethodError'{0x0000000086b51450}: 'java.lang.Object java.lang.invoke.DirectMethodHandle$Holder.invokeVirtual(java.lang.Object, java.lang.Object, java.lang.Object, java.lang.Object)'> (0x0000000086b51450) thrown at [./src/hotspot/share/interpreter/linkResolver.cpp, line 773]

Events (20 events):
Event: 14.245 loading class org/gradle/internal/build/BuildLifecycleController
Event: 14.245 loading class org/gradle/internal/build/BuildLifecycleController done
Event: 14.245 loading class org/gradle/internal/build/AbstractBuildState
Event: 14.245 loading class org/gradle/internal/build/AbstractBuildState done
Event: 14.246 loading class org/gradle/api/internal/project/ProjectStateRegistry
Event: 14.246 loading class org/gradle/api/internal/project/ProjectStateRegistry done
Event: 14.246 loading class org/gradle/api/internal/project/ProjectStateRegistry
Event: 14.246 loading class org/gradle/api/internal/project/ProjectStateRegistry done
Event: 14.246 loading class org/gradle/internal/build/AbstractBuildState
Event: 14.246 loading class org/gradle/internal/build/AbstractBuildState done
Event: 14.246 loading class org/gradle/internal/build/BuildWorkGraphController
Event: 14.246 loading class org/gradle/internal/build/BuildWorkGraphController done
Event: 14.246 loading class org/gradle/internal/build/BuildWorkGraphController
Event: 14.246 loading class org/gradle/internal/build/BuildWorkGraphController done
Event: 14.246 loading class org/gradle/internal/build/AbstractBuildState
Event: 14.246 loading class org/gradle/internal/build/AbstractBuildState done
Event: 14.247 loading class org/gradle/api/NonExtensible
Event: 14.247 loading class org/gradle/api/NonExtensible done
Event: 14.250 loading class org/gradle/api/HasImplicitReceiver
Event: 14.250 loading class org/gradle/api/HasImplicitReceiver done


Dynamic libraries:
0x00007ff7a4920000 - 0x00007ff7a492a000 	C:\Program Files\Android\Android Studio New\jre\bin\java.exe
0x00007ffb42970000 - 0x00007ffb42b68000 	C:\WINDOWS\SYSTEM32\ntdll.dll
0x00007ffb414f0000 - 0x00007ffb415af000 	C:\WINDOWS\System32\KERNEL32.DLL
0x00007ffb40210000 - 0x00007ffb404e2000 	C:\WINDOWS\System32\KERNELBASE.dll
0x00007ffb40060000 - 0x00007ffb40160000 	C:\WINDOWS\System32\ucrtbase.dll
0x00007ffb0ddc0000 - 0x00007ffb0ddd7000 	C:\Program Files\Android\Android Studio New\jre\bin\VCRUNTIME140.dll
0x00007ffb0dd20000 - 0x00007ffb0dd39000 	C:\Program Files\Android\Android Studio New\jre\bin\jli.dll
0x00007ffb41e70000 - 0x00007ffb42011000 	C:\WINDOWS\System32\USER32.dll
0x00007ffb27010000 - 0x00007ffb272aa000 	C:\WINDOWS\WinSxS\amd64_microsoft.windows.common-controls_6595b64144ccf1df_6.0.19041.1110_none_60b5254171f9507e\COMCTL32.dll
0x00007ffb408c0000 - 0x00007ffb408e2000 	C:\WINDOWS\System32\win32u.dll
0x00007ffb40a60000 - 0x00007ffb40afe000 	C:\WINDOWS\System32\msvcrt.dll
0x00007ffb417d0000 - 0x00007ffb417fb000 	C:\WINDOWS\System32\GDI32.dll
0x00007ffb40650000 - 0x00007ffb4075f000 	C:\WINDOWS\System32\gdi32full.dll
0x00007ffb40820000 - 0x00007ffb408bd000 	C:\WINDOWS\System32\msvcp_win.dll
0x00007ffb41090000 - 0x00007ffb410c2000 	C:\WINDOWS\System32\IMM32.DLL
0x00007ffb04600000 - 0x00007ffb0469d000 	C:\Program Files\Android\Android Studio New\jre\bin\msvcp140.dll
0x00007ffab2c00000 - 0x00007ffab3702000 	C:\Program Files\Android\Android Studio New\jre\bin\server\jvm.dll
0x00007ffb41c70000 - 0x00007ffb41d1e000 	C:\WINDOWS\System32\ADVAPI32.dll
0x00007ffb41bd0000 - 0x00007ffb41c6c000 	C:\WINDOWS\System32\sechost.dll
0x00007ffb41aa0000 - 0x00007ffb41bc5000 	C:\WINDOWS\System32\RPCRT4.dll
0x00007ffb41800000 - 0x00007ffb41808000 	C:\WINDOWS\System32\PSAPI.DLL
0x00007ffb2d870000 - 0x00007ffb2d897000 	C:\WINDOWS\SYSTEM32\WINMM.dll
0x00007ffb34b10000 - 0x00007ffb34b1a000 	C:\WINDOWS\SYSTEM32\VERSION.dll
0x00007ffb255e0000 - 0x00007ffb255e9000 	C:\WINDOWS\SYSTEM32\WSOCK32.dll
0x00007ffb420e0000 - 0x00007ffb4214b000 	C:\WINDOWS\System32\WS2_32.dll
0x00007ffb3e870000 - 0x00007ffb3e882000 	C:\WINDOWS\SYSTEM32\kernel.appcore.dll
0x00007ffb3b740000 - 0x00007ffb3b751000 	C:\Program Files\Android\Android Studio New\jre\bin\verify.dll
0x00007ffb2fad0000 - 0x00007ffb2fcb4000 	C:\WINDOWS\SYSTEM32\DBGHELP.DLL
0x00007ffb2b820000 - 0x00007ffb2b855000 	C:\WINDOWS\SYSTEM32\dbgcore.DLL
0x00007ffb408f0000 - 0x00007ffb40972000 	C:\WINDOWS\System32\bcryptPrimitives.dll
0x00007ffb2d820000 - 0x00007ffb2d849000 	C:\Program Files\Android\Android Studio New\jre\bin\java.dll
0x00007ffb38c70000 - 0x00007ffb38c7b000 	C:\Program Files\Android\Android Studio New\jre\bin\jimage.dll
0x00007ffb38b70000 - 0x00007ffb38b88000 	C:\Program Files\Android\Android Studio New\jre\bin\zip.dll
0x00007ffb421e0000 - 0x00007ffb42925000 	C:\WINDOWS\System32\SHELL32.dll
0x00007ffb3e0c0000 - 0x00007ffb3e852000 	C:\WINDOWS\SYSTEM32\windows.storage.dll
0x00007ffb410d0000 - 0x00007ffb41425000 	C:\WINDOWS\System32\combase.dll
0x00007ffb3f900000 - 0x00007ffb3f930000 	C:\WINDOWS\SYSTEM32\Wldp.dll
0x00007ffb42020000 - 0x00007ffb420cd000 	C:\WINDOWS\System32\SHCORE.dll
0x00007ffb41630000 - 0x00007ffb41685000 	C:\WINDOWS\System32\shlwapi.dll
0x00007ffb3ffa0000 - 0x00007ffb3ffbf000 	C:\WINDOWS\SYSTEM32\profapi.dll
0x00007ffb38a40000 - 0x00007ffb38a5a000 	C:\Program Files\Android\Android Studio New\jre\bin\net.dll
0x00007ffb300d0000 - 0x00007ffb301dc000 	C:\WINDOWS\SYSTEM32\WINHTTP.dll
0x00007ffb3f6e0000 - 0x00007ffb3f74a000 	C:\WINDOWS\system32\mswsock.dll
0x00007ffb2d800000 - 0x00007ffb2d814000 	C:\Program Files\Android\Android Studio New\jre\bin\nio.dll
0x00007ffb0dd80000 - 0x00007ffb0dda7000 	C:\Users\dell\.gradle\native\e1d6ef7f7dcc3fd88c89a11ec53ec762bb8ba0a96d01ffa2cd45eb1d1d8dd5c5\windows-amd64\native-platform.dll
0x00007ffaf1870000 - 0x00007ffaf19b4000 	C:\Users\dell\.gradle\native\0d407fdbe67a94daf76414ababcb853783967236a71b16ec16e742cd7a986fd3\windows-amd64\native-platform-file-events.dll
0x00007ffb38ba0000 - 0x00007ffb38baa000 	C:\Program Files\Android\Android Studio New\jre\bin\management.dll
0x00007ffb38b90000 - 0x00007ffb38b9d000 	C:\Program Files\Android\Android Studio New\jre\bin\management_ext.dll
0x00007ffb3f940000 - 0x00007ffb3f958000 	C:\WINDOWS\SYSTEM32\CRYPTSP.dll
0x00007ffb3f020000 - 0x00007ffb3f054000 	C:\WINDOWS\system32\rsaenh.dll
0x00007ffb40980000 - 0x00007ffb409a7000 	C:\WINDOWS\System32\bcrypt.dll
0x00007ffb3ff20000 - 0x00007ffb3ff4e000 	C:\WINDOWS\SYSTEM32\USERENV.dll
0x00007ffb3f870000 - 0x00007ffb3f87c000 	C:\WINDOWS\SYSTEM32\CRYPTBASE.dll
0x00007ffb3f3f0000 - 0x00007ffb3f42b000 	C:\WINDOWS\SYSTEM32\IPHLPAPI.DLL
0x00007ffb420d0000 - 0x00007ffb420d8000 	C:\WINDOWS\System32\NSI.dll
0x00007ffb30560000 - 0x00007ffb30577000 	C:\WINDOWS\SYSTEM32\dhcpcsvc6.DLL
0x00007ffb34b30000 - 0x00007ffb34b4d000 	C:\WINDOWS\SYSTEM32\dhcpcsvc.DLL
0x00007ffb3f430000 - 0x00007ffb3f4fb000 	C:\WINDOWS\SYSTEM32\DNSAPI.dll

dbghelp: loaded successfully - version: 4.0.5 - missing functions: none
symbol engine: initialized successfully - sym options: 0x614 - pdb path: .;C:\Program Files\Android\Android Studio New\jre\bin;C:\WINDOWS\SYSTEM32;C:\WINDOWS\WinSxS\amd64_microsoft.windows.common-controls_6595b64144ccf1df_6.0.19041.1110_none_60b5254171f9507e;C:\Program Files\Android\Android Studio New\jre\bin\server;C:\Users\dell\.gradle\native\e1d6ef7f7dcc3fd88c89a11ec53ec762bb8ba0a96d01ffa2cd45eb1d1d8dd5c5\windows-amd64;C:\Users\dell\.gradle\native\0d407fdbe67a94daf76414ababcb853783967236a71b16ec16e742cd7a986fd3\windows-amd64

VM Arguments:
jvm_args: --add-opens=java.base/java.util=ALL-UNNAMED --add-opens=java.base/java.lang=ALL-UNNAMED --add-opens=java.base/java.lang.invoke=ALL-UNNAMED --add-opens=java.base/java.util=ALL-UNNAMED --add-opens=java.prefs/java.util.prefs=ALL-UNNAMED --add-opens=java.prefs/java.util.prefs=ALL-UNNAMED --add-opens=java.base/java.nio.charset=ALL-UNNAMED --add-opens=java.base/java.net=ALL-UNNAMED --add-opens=java.base/java.util.concurrent.atomic=ALL-UNNAMED -Xmx2048m -Dfile.encoding=UTF-8 -Duser.country=US -Duser.language=en -Duser.variant 
java_command: org.gradle.launcher.daemon.bootstrap.GradleDaemon 7.4
java_class_path (initial): C:\Users\dell\.gradle\wrapper\dists\gradle-7.4-bin\c0gwcg53nkjbqw7r0h0umtfvt\gradle-7.4\lib\gradle-launcher-7.4.jar
Launcher Type: SUN_STANDARD

[Global flags]
     intx CICompilerCount                          = 3                                         {product} {ergonomic}
     uint ConcGCThreads                            = 1                                         {product} {ergonomic}
     uint G1ConcRefinementThreads                  = 4                                         {product} {ergonomic}
   size_t G1HeapRegionSize                         = 1048576                                   {product} {ergonomic}
    uintx GCDrainStackTargetSize                   = 64                                        {product} {ergonomic}
   size_t InitialHeapSize                          = 134217728                                 {product} {ergonomic}
   size_t MarkStackSize                            = 4194304                                   {product} {ergonomic}
   size_t MaxHeapSize                              = 2147483648                                {product} {command line}
   size_t MaxNewSize                               = 1287651328                                {product} {ergonomic}
   size_t MinHeapDeltaBytes                        = 1048576                                   {product} {ergonomic}
    uintx NonNMethodCodeHeapSize                   = 5830732                                {pd product} {ergonomic}
    uintx NonProfiledCodeHeapSize                  = 122913754                              {pd product} {ergonomic}
    uintx ProfiledCodeHeapSize                     = 122913754                              {pd product} {ergonomic}
    uintx ReservedCodeCacheSize                    = 251658240                              {pd product} {ergonomic}
     bool SegmentedCodeCache                       = true                                      {product} {ergonomic}
     bool UseCompressedClassPointers               = true                                 {lp64_product} {ergonomic}
     bool UseCompressedOops                        = true                                 {lp64_product} {ergonomic}
     bool UseG1GC                                  = true                                      {product} {ergonomic}
     bool UseLargePagesIndividualAllocation        = false                                  {pd product} {ergonomic}

Logging:
Log output configuration:
 #0: stdout all=warning uptime,level,tags
 #1: stderr all=off uptime,level,tags

Environment Variables:
JAVA_HOME=C:\Program Files\AdoptOpenJDK\jre-8.0.265.01-hotspot\
PATH=C:\Program Files\Eclipse Adoptium\jdk-17.0.4.101-hotspot\bin;C:\Program Files (x86)\Common Files\Oracle\Java\javapath;C:\Program Files (x86)\Common Files\Intel\Shared Libraries\redist\intel64_win\compiler;C:\Program Files (x86)\Common Files\Intel\Shared Libraries\redist\intel64\compiler;C:\Program Files\AdoptOpenJDK\jre-8.0.265.01-hotspot\bin;C:\Program Files\AdoptOpenJDK\jre-11.0.8.10-hotspot\bin;C:\Program Files (x86)\AdoptOpenJDK\jre-8.0.265.01-hotspot\bin;C:\WINDOWS\system32;C:\WINDOWS;C:\WINDOWS\System32\Wbem;C:\WINDOWS\System32\WindowsPowerShell\v1.0\;C:\WINDOWS\System32\OpenSSH\;C:\Program Files\PuTTY\;C:\xampp\php;C:\MinGW\bin;C:\Program Files\Git\cmd;C:\ProgramData\chocolatey\bin;C:\Program Files\CMake\bin;C:\Program Files\dotnet\;C:\Program Files\nodejs\;C:\Program Files\GitHub CLI\;C:\Program Files\PostgreSQL\15\bin;C:\ProgramData\ComposerSetup\bin;C:\Program Files\heroku\bin;C:\Program Files\PowerShell\7-preview\preview;C:\ngrok\;C:\Program Files (x86)\GnuWin32\bin;;C:\Program Files\PowerShell\7\;C:\Program Files\Amazon\AWSCLIV2\;C:\Users\dell\AppData\Local\Programs\Python\Python39\Scripts\;C:\Users\dell\AppData\Local\Programs\Python\Python39\;C:\Users\dell\AppData\Local\Microsoft\WindowsApps;C:\Users\dell\AppData\Roaming\Composer\vendor\bin;C:\Users\dell\AppData\Local\Programs\Microsoft VS Code\bin;C:\Users\dell\Documents\flutter\bin;C:\Users\dell\AppData\Roaming\npm;C:\Users\dell\AppData\Local\GitHubDesktop\bin;C:\Program Files\heroku\bin;C:\Users\dell\.dotnet\tools
USERNAME=dell
OS=Windows_NT
PROCESSOR_IDENTIFIER=Intel64 Family 6 Model 78 Stepping 3, GenuineIntel



---------------  S Y S T E M  ---------------

OS: Windows 10 , 64 bit Build 19041 (10.0.19041.2546)
OS uptime: 1 days 12:38 hours
Hyper-V role detected

CPU:total 4 (initial active 4) (2 cores per cpu, 2 threads per core) family 6 model 78 stepping 3 microcode 0xcc, cmov, cx8, fxsr, mmx, sse, sse2, sse3, ssse3, sse4.1, sse4.2, popcnt, avx, avx2, aes, clmul, erms, rtm, 3dnowpref, lzcnt, ht, tsc, tscinvbit, bmi1, bmi2, adx, fma

Memory: 4k page, system-wide physical 8074M (200M free)
TotalPageFile size 20074M (AvailPageFile size 26M)
current process WorkingSet (physical memory assigned to process): 161M, peak: 161M
current process commit charge ("private bytes"): 259M, peak: 260M

vm_info: OpenJDK 64-Bit Server VM (11.0.13+0-b1751.21-8125866) for windows-amd64 JRE (11.0.13+0-b1751.21-8125866), built on Feb  2 2022 03:00:22 by "builder" with MS VC++ 14.0 (VS2015)

END.
